<?xml version="1.0" encoding="UTF-8"?>
<!-- Generated by org.testng.reporters.JUnitReportReporter -->
<testsuite hostname="ROGxTHOR" failures="0" tests="9" name="testpkg.Pinteresttest" time="94.957" errors="0" timestamp="2024-11-08T10:36:37 IST" skipped="0">
  <testcase classname="testpkg.Pinteresttest" name="titleverification" time="0.112"/>
  <system-out/>
  <testcase classname="testpkg.Pinteresttest" name="lvalues" time="3.270"/>
  <system-out/>
  <testcase classname="testpkg.Pinteresttest" name="schfunction" time="10.302"/>
  <system-out/>
  <testcase classname="testpkg.Pinteresttest" name="imgdwnld" time="6.052"/>
  <system-out/>
  <testcase classname="testpkg.Pinteresttest" name="exploreOption" time="11.513"/>
  <system-out/>
  <testcase classname="testpkg.Pinteresttest" name="createpostoption" time="4.378"/>
  <system-out/>
  <testcase classname="testpkg.Pinteresttest" name="notifiandmsg" time="10.936"/>
  <system-out/>
  <testcase classname="testpkg.Pinteresttest" name="userprfle" time="32.087"/>
  <system-out/>
  <testcase classname="testpkg.Pinteresttest" name="logoutfunction" time="16.307"/>
  <system-out/>
</testsuite> <!-- testpkg.Pinteresttest -->
