<?xml version="1.0" encoding="UTF-8"?>
<!-- Generated by org.testng.reporters.JUnitReportReporter -->
<testsuite hostname="ROGxTHOR" failures="0" tests="1" name="testpkg.Signuptest" time="3.187" errors="0" timestamp="2024-11-05T18:12:51 IST" skipped="0">
  <testcase classname="testpkg.Signuptest" name="signupvalues" time="3.187"/>
  <system-out/>
</testsuite> <!-- testpkg.Signuptest -->
